{"C:\\Users\\uzair\\Futureproof\\WePost\\WePost-Server\\server.js": {"path":"C:\\Users\\uzair\\Futureproof\\WePost\\WePost-Server\\server.js","statementMap":{"0":{"start":{"line":1,"column":16},"end":{"line":1,"column":34}},"1":{"start":{"line":3,"column":12},"end":{"line":3,"column":21}},"2":{"start":{"line":5,"column":13},"end":{"line":5,"column":28}},"3":{"start":{"line":7,"column":11},"end":{"line":7,"column":24}},"4":{"start":{"line":9,"column":14},"end":{"line":9,"column":30}},"5":{"start":{"line":11,"column":17},"end":{"line":11,"column":35}},"6":{"start":{"line":13,"column":0},"end":{"line":13,"column":16}},"7":{"start":{"line":15,"column":0},"end":{"line":15,"column":24}},"8":{"start":{"line":17,"column":13},"end":{"line":17,"column":14}},"9":{"start":{"line":18,"column":12},"end":{"line":18,"column":13}},"10":{"start":{"line":19,"column":15},"end":{"line":19,"column":16}},"11":{"start":{"line":20,"column":15},"end":{"line":20,"column":16}},"12":{"start":{"line":21,"column":17},"end":{"line":21,"column":18}},"13":{"start":{"line":23,"column":0},"end":{"line":55,"column":3}},"14":{"start":{"line":25,"column":22},"end":{"line":25,"column":57}},"15":{"start":{"line":26,"column":16},"end":{"line":26,"column":39}},"16":{"start":{"line":29,"column":19},"end":{"line":29,"column":27}},"17":{"start":{"line":30,"column":15},"end":{"line":38,"column":3}},"18":{"start":{"line":39,"column":21},"end":{"line":39,"column":41}},"19":{"start":{"line":42,"column":2},"end":{"line":42,"column":19}},"20":{"start":{"line":46,"column":18},"end":{"line":46,"column":39}},"21":{"start":{"line":47,"column":2},"end":{"line":53,"column":5}},"22":{"start":{"line":48,"column":4},"end":{"line":52,"column":5}},"23":{"start":{"line":49,"column":6},"end":{"line":49,"column":45}},"24":{"start":{"line":51,"column":6},"end":{"line":51,"column":45}},"25":{"start":{"line":54,"column":2},"end":{"line":54,"column":30}},"26":{"start":{"line":57,"column":0},"end":{"line":67,"column":3}},"27":{"start":{"line":58,"column":2},"end":{"line":66,"column":4}},"28":{"start":{"line":60,"column":6},"end":{"line":63,"column":7}},"29":{"start":{"line":61,"column":8},"end":{"line":61,"column":46}},"30":{"start":{"line":62,"column":8},"end":{"line":62,"column":15}},"31":{"start":{"line":64,"column":6},"end":{"line":64,"column":44}},"32":{"start":{"line":71,"column":0},"end":{"line":94,"column":3}},"33":{"start":{"line":73,"column":22},"end":{"line":73,"column":61}},"34":{"start":{"line":74,"column":16},"end":{"line":74,"column":39}},"35":{"start":{"line":76,"column":19},"end":{"line":76,"column":27}},"36":{"start":{"line":77,"column":15},"end":{"line":80,"column":3}},"37":{"start":{"line":81,"column":21},"end":{"line":81,"column":41}},"38":{"start":{"line":83,"column":2},"end":{"line":83,"column":19}},"39":{"start":{"line":85,"column":18},"end":{"line":85,"column":39}},"40":{"start":{"line":86,"column":2},"end":{"line":92,"column":5}},"41":{"start":{"line":87,"column":4},"end":{"line":91,"column":5}},"42":{"start":{"line":88,"column":6},"end":{"line":88,"column":45}},"43":{"start":{"line":90,"column":6},"end":{"line":90,"column":45}},"44":{"start":{"line":93,"column":3},"end":{"line":93,"column":31}},"45":{"start":{"line":96,"column":0},"end":{"line":108,"column":3}},"46":{"start":{"line":97,"column":2},"end":{"line":107,"column":4}},"47":{"start":{"line":99,"column":6},"end":{"line":103,"column":7}},"48":{"start":{"line":100,"column":8},"end":{"line":100,"column":46}},"49":{"start":{"line":102,"column":8},"end":{"line":102,"column":15}},"50":{"start":{"line":104,"column":6},"end":{"line":104,"column":44}},"51":{"start":{"line":110,"column":0},"end":{"line":110,"column":24}}},"fnMap":{"0":{"name":"(anonymous_0)","decl":{"start":{"line":23,"column":14},"end":{"line":23,"column":15}},"loc":{"start":{"line":23,"column":28},"end":{"line":55,"column":1}},"line":23},"1":{"name":"(anonymous_1)","decl":{"start":{"line":47,"column":44},"end":{"line":47,"column":45}},"loc":{"start":{"line":47,"column":53},"end":{"line":53,"column":3}},"line":47},"2":{"name":"(anonymous_2)","decl":{"start":{"line":57,"column":13},"end":{"line":57,"column":14}},"loc":{"start":{"line":57,"column":27},"end":{"line":67,"column":1}},"line":57},"3":{"name":"(anonymous_3)","decl":{"start":{"line":59,"column":48},"end":{"line":59,"column":49}},"loc":{"start":{"line":59,"column":69},"end":{"line":65,"column":5}},"line":59},"4":{"name":"(anonymous_4)","decl":{"start":{"line":71,"column":22},"end":{"line":71,"column":23}},"loc":{"start":{"line":71,"column":36},"end":{"line":94,"column":1}},"line":71},"5":{"name":"(anonymous_5)","decl":{"start":{"line":86,"column":48},"end":{"line":86,"column":49}},"loc":{"start":{"line":86,"column":57},"end":{"line":92,"column":3}},"line":86},"6":{"name":"(anonymous_6)","decl":{"start":{"line":96,"column":21},"end":{"line":96,"column":22}},"loc":{"start":{"line":96,"column":35},"end":{"line":108,"column":1}},"line":96},"7":{"name":"(anonymous_7)","decl":{"start":{"line":98,"column":52},"end":{"line":98,"column":53}},"loc":{"start":{"line":98,"column":73},"end":{"line":106,"column":5}},"line":98}},"branchMap":{"0":{"loc":{"start":{"line":48,"column":4},"end":{"line":52,"column":5}},"type":"if","locations":[{"start":{"line":48,"column":4},"end":{"line":52,"column":5}},{"start":{"line":50,"column":11},"end":{"line":52,"column":5}}],"line":48},"1":{"loc":{"start":{"line":60,"column":6},"end":{"line":63,"column":7}},"type":"if","locations":[{"start":{"line":60,"column":6},"end":{"line":63,"column":7}},{"start":{},"end":{}}],"line":60},"2":{"loc":{"start":{"line":87,"column":4},"end":{"line":91,"column":5}},"type":"if","locations":[{"start":{"line":87,"column":4},"end":{"line":91,"column":5}},{"start":{"line":89,"column":11},"end":{"line":91,"column":5}}],"line":87},"3":{"loc":{"start":{"line":99,"column":6},"end":{"line":103,"column":7}},"type":"if","locations":[{"start":{"line":99,"column":6},"end":{"line":103,"column":7}},{"start":{},"end":{}}],"line":99}},"s":{"0":1,"1":1,"2":1,"3":1,"4":1,"5":1,"6":1,"7":1,"8":1,"9":1,"10":1,"11":1,"12":1,"13":1,"14":1,"15":1,"16":1,"17":1,"18":1,"19":1,"20":1,"21":1,"22":1,"23":0,"24":1,"25":1,"26":1,"27":1,"28":0,"29":0,"30":0,"31":0,"32":1,"33":1,"34":1,"35":1,"36":1,"37":1,"38":1,"39":1,"40":1,"41":1,"42":0,"43":1,"44":1,"45":1,"46":1,"47":0,"48":0,"49":0,"50":0,"51":1},"f":{"0":1,"1":1,"2":1,"3":0,"4":1,"5":1,"6":1,"7":0},"b":{"0":[0,1],"1":[0,0],"2":[0,1],"3":[0,0]},"_coverageSchema":"1a1c01bbd47fc00a2c39e90264f33305004495a9","hash":"9da9ec70558721fbb93943f7c4160ffaf634b355"}
}
