{"C:\\Users\\Ismae\\Downloads\\Futureproof\\Project 1\\WePost\\WePost-Server\\server.js": {"path":"C:\\Users\\Ismae\\Downloads\\Futureproof\\Project 1\\WePost\\WePost-Server\\server.js","statementMap":{"0":{"start":{"line":1,"column":16},"end":{"line":1,"column":34}},"1":{"start":{"line":3,"column":12},"end":{"line":3,"column":21}},"2":{"start":{"line":5,"column":13},"end":{"line":5,"column":28}},"3":{"start":{"line":7,"column":11},"end":{"line":7,"column":24}},"4":{"start":{"line":9,"column":14},"end":{"line":9,"column":30}},"5":{"start":{"line":11,"column":17},"end":{"line":11,"column":35}},"6":{"start":{"line":13,"column":0},"end":{"line":13,"column":16}},"7":{"start":{"line":15,"column":0},"end":{"line":15,"column":24}},"8":{"start":{"line":17,"column":13},"end":{"line":17,"column":14}},"9":{"start":{"line":18,"column":12},"end":{"line":18,"column":13}},"10":{"start":{"line":19,"column":15},"end":{"line":19,"column":16}},"11":{"start":{"line":20,"column":15},"end":{"line":20,"column":16}},"12":{"start":{"line":21,"column":17},"end":{"line":21,"column":18}},"13":{"start":{"line":23,"column":0},"end":{"line":57,"column":3}},"14":{"start":{"line":25,"column":22},"end":{"line":25,"column":57}},"15":{"start":{"line":26,"column":16},"end":{"line":26,"column":39}},"16":{"start":{"line":29,"column":19},"end":{"line":29,"column":27}},"17":{"start":{"line":30,"column":15},"end":{"line":38,"column":3}},"18":{"start":{"line":39,"column":2},"end":{"line":39,"column":49}},"19":{"start":{"line":41,"column":21},"end":{"line":41,"column":41}},"20":{"start":{"line":44,"column":2},"end":{"line":44,"column":19}},"21":{"start":{"line":48,"column":18},"end":{"line":48,"column":39}},"22":{"start":{"line":49,"column":2},"end":{"line":55,"column":5}},"23":{"start":{"line":50,"column":4},"end":{"line":54,"column":5}},"24":{"start":{"line":51,"column":6},"end":{"line":51,"column":45}},"25":{"start":{"line":53,"column":6},"end":{"line":53,"column":45}},"26":{"start":{"line":56,"column":2},"end":{"line":56,"column":30}},"27":{"start":{"line":59,"column":0},"end":{"line":69,"column":3}},"28":{"start":{"line":60,"column":2},"end":{"line":68,"column":4}},"29":{"start":{"line":62,"column":6},"end":{"line":65,"column":7}},"30":{"start":{"line":63,"column":8},"end":{"line":63,"column":46}},"31":{"start":{"line":64,"column":8},"end":{"line":64,"column":15}},"32":{"start":{"line":66,"column":6},"end":{"line":66,"column":44}},"33":{"start":{"line":74,"column":0},"end":{"line":95,"column":3}},"34":{"start":{"line":75,"column":13},"end":{"line":75,"column":26}},"35":{"start":{"line":76,"column":22},"end":{"line":76,"column":57}},"36":{"start":{"line":77,"column":16},"end":{"line":77,"column":39}},"37":{"start":{"line":80,"column":17},"end":{"line":80,"column":25}},"38":{"start":{"line":82,"column":2},"end":{"line":82,"column":22}},"39":{"start":{"line":84,"column":2},"end":{"line":84,"column":33}},"40":{"start":{"line":86,"column":20},"end":{"line":86,"column":41}},"41":{"start":{"line":87,"column":2},"end":{"line":93,"column":5}},"42":{"start":{"line":88,"column":4},"end":{"line":92,"column":5}},"43":{"start":{"line":89,"column":6},"end":{"line":89,"column":45}},"44":{"start":{"line":91,"column":6},"end":{"line":91,"column":45}},"45":{"start":{"line":94,"column":2},"end":{"line":94,"column":41}},"46":{"start":{"line":97,"column":0},"end":{"line":117,"column":3}},"47":{"start":{"line":98,"column":13},"end":{"line":98,"column":26}},"48":{"start":{"line":99,"column":22},"end":{"line":99,"column":57}},"49":{"start":{"line":100,"column":16},"end":{"line":100,"column":39}},"50":{"start":{"line":102,"column":17},"end":{"line":102,"column":25}},"51":{"start":{"line":104,"column":2},"end":{"line":104,"column":22}},"52":{"start":{"line":106,"column":2},"end":{"line":106,"column":39}},"53":{"start":{"line":108,"column":20},"end":{"line":108,"column":41}},"54":{"start":{"line":109,"column":2},"end":{"line":115,"column":5}},"55":{"start":{"line":110,"column":4},"end":{"line":114,"column":5}},"56":{"start":{"line":111,"column":6},"end":{"line":111,"column":45}},"57":{"start":{"line":113,"column":6},"end":{"line":113,"column":45}},"58":{"start":{"line":116,"column":2},"end":{"line":116,"column":41}},"59":{"start":{"line":121,"column":0},"end":{"line":141,"column":3}},"60":{"start":{"line":122,"column":13},"end":{"line":122,"column":26}},"61":{"start":{"line":123,"column":22},"end":{"line":123,"column":57}},"62":{"start":{"line":124,"column":16},"end":{"line":124,"column":39}},"63":{"start":{"line":126,"column":17},"end":{"line":126,"column":25}},"64":{"start":{"line":128,"column":2},"end":{"line":128,"column":22}},"65":{"start":{"line":130,"column":2},"end":{"line":130,"column":39}},"66":{"start":{"line":132,"column":20},"end":{"line":132,"column":41}},"67":{"start":{"line":133,"column":2},"end":{"line":139,"column":5}},"68":{"start":{"line":134,"column":4},"end":{"line":138,"column":5}},"69":{"start":{"line":135,"column":6},"end":{"line":135,"column":45}},"70":{"start":{"line":137,"column":6},"end":{"line":137,"column":45}},"71":{"start":{"line":140,"column":2},"end":{"line":140,"column":41}},"72":{"start":{"line":145,"column":0},"end":{"line":165,"column":3}},"73":{"start":{"line":146,"column":13},"end":{"line":146,"column":26}},"74":{"start":{"line":147,"column":22},"end":{"line":147,"column":57}},"75":{"start":{"line":148,"column":16},"end":{"line":148,"column":39}},"76":{"start":{"line":150,"column":17},"end":{"line":150,"column":25}},"77":{"start":{"line":152,"column":2},"end":{"line":152,"column":22}},"78":{"start":{"line":154,"column":2},"end":{"line":154,"column":43}},"79":{"start":{"line":156,"column":20},"end":{"line":156,"column":41}},"80":{"start":{"line":157,"column":2},"end":{"line":163,"column":5}},"81":{"start":{"line":158,"column":4},"end":{"line":162,"column":5}},"82":{"start":{"line":159,"column":6},"end":{"line":159,"column":45}},"83":{"start":{"line":161,"column":6},"end":{"line":161,"column":45}},"84":{"start":{"line":164,"column":2},"end":{"line":164,"column":41}},"85":{"start":{"line":169,"column":0},"end":{"line":192,"column":3}},"86":{"start":{"line":171,"column":22},"end":{"line":171,"column":61}},"87":{"start":{"line":172,"column":16},"end":{"line":172,"column":39}},"88":{"start":{"line":174,"column":19},"end":{"line":174,"column":27}},"89":{"start":{"line":175,"column":15},"end":{"line":178,"column":3}},"90":{"start":{"line":179,"column":21},"end":{"line":179,"column":41}},"91":{"start":{"line":181,"column":2},"end":{"line":181,"column":19}},"92":{"start":{"line":183,"column":18},"end":{"line":183,"column":39}},"93":{"start":{"line":184,"column":2},"end":{"line":190,"column":5}},"94":{"start":{"line":185,"column":4},"end":{"line":189,"column":5}},"95":{"start":{"line":186,"column":6},"end":{"line":186,"column":45}},"96":{"start":{"line":188,"column":6},"end":{"line":188,"column":45}},"97":{"start":{"line":191,"column":2},"end":{"line":191,"column":30}},"98":{"start":{"line":194,"column":0},"end":{"line":206,"column":3}},"99":{"start":{"line":195,"column":2},"end":{"line":205,"column":4}},"100":{"start":{"line":197,"column":6},"end":{"line":201,"column":7}},"101":{"start":{"line":198,"column":8},"end":{"line":198,"column":46}},"102":{"start":{"line":200,"column":8},"end":{"line":200,"column":15}},"103":{"start":{"line":202,"column":6},"end":{"line":202,"column":44}},"104":{"start":{"line":208,"column":0},"end":{"line":208,"column":25}}},"fnMap":{"0":{"name":"(anonymous_0)","decl":{"start":{"line":23,"column":14},"end":{"line":23,"column":15}},"loc":{"start":{"line":23,"column":28},"end":{"line":57,"column":1}},"line":23},"1":{"name":"(anonymous_1)","decl":{"start":{"line":49,"column":44},"end":{"line":49,"column":45}},"loc":{"start":{"line":49,"column":53},"end":{"line":55,"column":3}},"line":49},"2":{"name":"(anonymous_2)","decl":{"start":{"line":59,"column":13},"end":{"line":59,"column":14}},"loc":{"start":{"line":59,"column":27},"end":{"line":69,"column":1}},"line":59},"3":{"name":"(anonymous_3)","decl":{"start":{"line":61,"column":48},"end":{"line":61,"column":49}},"loc":{"start":{"line":61,"column":69},"end":{"line":67,"column":5}},"line":61},"4":{"name":"(anonymous_4)","decl":{"start":{"line":74,"column":18},"end":{"line":74,"column":19}},"loc":{"start":{"line":74,"column":32},"end":{"line":95,"column":1}},"line":74},"5":{"name":"(anonymous_5)","decl":{"start":{"line":87,"column":46},"end":{"line":87,"column":47}},"loc":{"start":{"line":87,"column":55},"end":{"line":93,"column":3}},"line":87},"6":{"name":"(anonymous_6)","decl":{"start":{"line":97,"column":25},"end":{"line":97,"column":26}},"loc":{"start":{"line":97,"column":39},"end":{"line":117,"column":1}},"line":97},"7":{"name":"(anonymous_7)","decl":{"start":{"line":109,"column":46},"end":{"line":109,"column":47}},"loc":{"start":{"line":109,"column":55},"end":{"line":115,"column":3}},"line":109},"8":{"name":"(anonymous_8)","decl":{"start":{"line":121,"column":25},"end":{"line":121,"column":26}},"loc":{"start":{"line":121,"column":39},"end":{"line":141,"column":1}},"line":121},"9":{"name":"(anonymous_9)","decl":{"start":{"line":133,"column":46},"end":{"line":133,"column":47}},"loc":{"start":{"line":133,"column":55},"end":{"line":139,"column":3}},"line":133},"10":{"name":"(anonymous_10)","decl":{"start":{"line":145,"column":25},"end":{"line":145,"column":26}},"loc":{"start":{"line":145,"column":39},"end":{"line":165,"column":1}},"line":145},"11":{"name":"(anonymous_11)","decl":{"start":{"line":157,"column":46},"end":{"line":157,"column":47}},"loc":{"start":{"line":157,"column":55},"end":{"line":163,"column":3}},"line":157},"12":{"name":"(anonymous_12)","decl":{"start":{"line":169,"column":22},"end":{"line":169,"column":23}},"loc":{"start":{"line":169,"column":36},"end":{"line":192,"column":1}},"line":169},"13":{"name":"(anonymous_13)","decl":{"start":{"line":184,"column":48},"end":{"line":184,"column":49}},"loc":{"start":{"line":184,"column":57},"end":{"line":190,"column":3}},"line":184},"14":{"name":"(anonymous_14)","decl":{"start":{"line":194,"column":21},"end":{"line":194,"column":22}},"loc":{"start":{"line":194,"column":35},"end":{"line":206,"column":1}},"line":194},"15":{"name":"(anonymous_15)","decl":{"start":{"line":196,"column":52},"end":{"line":196,"column":53}},"loc":{"start":{"line":196,"column":73},"end":{"line":204,"column":5}},"line":196}},"branchMap":{"0":{"loc":{"start":{"line":50,"column":4},"end":{"line":54,"column":5}},"type":"if","locations":[{"start":{"line":50,"column":4},"end":{"line":54,"column":5}},{"start":{"line":52,"column":11},"end":{"line":54,"column":5}}],"line":50},"1":{"loc":{"start":{"line":62,"column":6},"end":{"line":65,"column":7}},"type":"if","locations":[{"start":{"line":62,"column":6},"end":{"line":65,"column":7}},{"start":{},"end":{}}],"line":62},"2":{"loc":{"start":{"line":88,"column":4},"end":{"line":92,"column":5}},"type":"if","locations":[{"start":{"line":88,"column":4},"end":{"line":92,"column":5}},{"start":{"line":90,"column":11},"end":{"line":92,"column":5}}],"line":88},"3":{"loc":{"start":{"line":110,"column":4},"end":{"line":114,"column":5}},"type":"if","locations":[{"start":{"line":110,"column":4},"end":{"line":114,"column":5}},{"start":{"line":112,"column":11},"end":{"line":114,"column":5}}],"line":110},"4":{"loc":{"start":{"line":134,"column":4},"end":{"line":138,"column":5}},"type":"if","locations":[{"start":{"line":134,"column":4},"end":{"line":138,"column":5}},{"start":{"line":136,"column":11},"end":{"line":138,"column":5}}],"line":134},"5":{"loc":{"start":{"line":158,"column":4},"end":{"line":162,"column":5}},"type":"if","locations":[{"start":{"line":158,"column":4},"end":{"line":162,"column":5}},{"start":{"line":160,"column":11},"end":{"line":162,"column":5}}],"line":158},"6":{"loc":{"start":{"line":185,"column":4},"end":{"line":189,"column":5}},"type":"if","locations":[{"start":{"line":185,"column":4},"end":{"line":189,"column":5}},{"start":{"line":187,"column":11},"end":{"line":189,"column":5}}],"line":185},"7":{"loc":{"start":{"line":197,"column":6},"end":{"line":201,"column":7}},"type":"if","locations":[{"start":{"line":197,"column":6},"end":{"line":201,"column":7}},{"start":{},"end":{}}],"line":197}},"s":{"0":1,"1":1,"2":1,"3":1,"4":1,"5":1,"6":1,"7":1,"8":1,"9":1,"10":1,"11":1,"12":1,"13":1,"14":1,"15":1,"16":1,"17":1,"18":1,"19":1,"20":1,"21":1,"22":1,"23":1,"24":0,"25":1,"26":1,"27":1,"28":1,"29":0,"30":0,"31":0,"32":0,"33":1,"34":1,"35":1,"36":1,"37":1,"38":1,"39":1,"40":1,"41":1,"42":1,"43":0,"44":1,"45":1,"46":1,"47":1,"48":1,"49":1,"50":1,"51":1,"52":1,"53":1,"54":1,"55":1,"56":0,"57":1,"58":1,"59":1,"60":1,"61":1,"62":1,"63":1,"64":1,"65":1,"66":1,"67":1,"68":1,"69":0,"70":1,"71":1,"72":1,"73":1,"74":1,"75":1,"76":1,"77":1,"78":1,"79":1,"80":1,"81":1,"82":0,"83":1,"84":1,"85":1,"86":1,"87":1,"88":1,"89":1,"90":1,"91":1,"92":1,"93":1,"94":1,"95":0,"96":1,"97":1,"98":1,"99":1,"100":0,"101":0,"102":0,"103":0,"104":1},"f":{"0":1,"1":1,"2":1,"3":0,"4":1,"5":1,"6":1,"7":1,"8":1,"9":1,"10":1,"11":1,"12":1,"13":1,"14":1,"15":0},"b":{"0":[0,1],"1":[0,0],"2":[0,1],"3":[0,1],"4":[0,1],"5":[0,1],"6":[0,1],"7":[0,0]},"_coverageSchema":"1a1c01bbd47fc00a2c39e90264f33305004495a9","hash":"ed4cb4c1b6cbeb89ea8e01b7607570a258f8c5db"}
}
