TN:
SF:server.js
FN:23,(anonymous_0)
FN:47,(anonymous_1)
FN:57,(anonymous_2)
FN:59,(anonymous_3)
FN:71,(anonymous_4)
FN:86,(anonymous_5)
FN:96,(anonymous_6)
FN:98,(anonymous_7)
FNF:8
FNH:6
FNDA:1,(anonymous_0)
FNDA:1,(anonymous_1)
FNDA:1,(anonymous_2)
FNDA:0,(anonymous_3)
FNDA:1,(anonymous_4)
FNDA:1,(anonymous_5)
FNDA:1,(anonymous_6)
FNDA:0,(anonymous_7)
DA:1,1
DA:3,1
DA:5,1
DA:7,1
DA:9,1
DA:11,1
DA:13,1
DA:15,1
DA:17,1
DA:18,1
DA:19,1
DA:20,1
DA:21,1
DA:23,1
DA:25,1
DA:26,1
DA:29,1
DA:30,1
DA:39,1
DA:42,1
DA:46,1
DA:47,1
DA:48,1
DA:49,0
DA:51,1
DA:54,1
DA:57,1
DA:58,1
DA:60,0
DA:61,0
DA:62,0
DA:64,0
DA:71,1
DA:73,1
DA:74,1
DA:76,1
DA:77,1
DA:81,1
DA:83,1
DA:85,1
DA:86,1
DA:87,1
DA:88,0
DA:90,1
DA:93,1
DA:96,1
DA:97,1
DA:99,0
DA:100,0
DA:102,0
DA:104,0
DA:110,1
LF:52
LH:42
BRDA:48,0,0,0
BRDA:48,0,1,1
BRDA:60,1,0,0
BRDA:60,1,1,0
BRDA:87,2,0,0
BRDA:87,2,1,1
BRDA:99,3,0,0
BRDA:99,3,1,0
BRF:8
BRH:2
end_of_record
