TN:
SF:server.js
FN:23,(anonymous_0)
FN:49,(anonymous_1)
FN:59,(anonymous_2)
FN:61,(anonymous_3)
FN:74,(anonymous_4)
FN:87,(anonymous_5)
FN:97,(anonymous_6)
FN:109,(anonymous_7)
FN:121,(anonymous_8)
FN:133,(anonymous_9)
FN:145,(anonymous_10)
FN:157,(anonymous_11)
FN:169,(anonymous_12)
FN:184,(anonymous_13)
FN:194,(anonymous_14)
FN:196,(anonymous_15)
FNF:16
FNH:14
FNDA:1,(anonymous_0)
FNDA:1,(anonymous_1)
FNDA:1,(anonymous_2)
FNDA:0,(anonymous_3)
FNDA:1,(anonymous_4)
FNDA:1,(anonymous_5)
FNDA:1,(anonymous_6)
FNDA:1,(anonymous_7)
FNDA:1,(anonymous_8)
FNDA:1,(anonymous_9)
FNDA:1,(anonymous_10)
FNDA:1,(anonymous_11)
FNDA:1,(anonymous_12)
FNDA:1,(anonymous_13)
FNDA:1,(anonymous_14)
FNDA:0,(anonymous_15)
DA:1,1
DA:3,1
DA:5,1
DA:7,1
DA:9,1
DA:11,1
DA:13,1
DA:15,1
DA:17,1
DA:18,1
DA:19,1
DA:20,1
DA:21,1
DA:23,1
DA:25,1
DA:26,1
DA:29,1
DA:30,1
DA:39,1
DA:41,1
DA:44,1
DA:48,1
DA:49,1
DA:50,1
DA:51,0
DA:53,1
DA:56,1
DA:59,1
DA:60,1
DA:62,0
DA:63,0
DA:64,0
DA:66,0
DA:74,1
DA:75,1
DA:76,1
DA:77,1
DA:80,1
DA:82,1
DA:84,1
DA:86,1
DA:87,1
DA:88,1
DA:89,0
DA:91,1
DA:94,1
DA:97,1
DA:98,1
DA:99,1
DA:100,1
DA:102,1
DA:104,1
DA:106,1
DA:108,1
DA:109,1
DA:110,1
DA:111,0
DA:113,1
DA:116,1
DA:121,1
DA:122,1
DA:123,1
DA:124,1
DA:126,1
DA:128,1
DA:130,1
DA:132,1
DA:133,1
DA:134,1
DA:135,0
DA:137,1
DA:140,1
DA:145,1
DA:146,1
DA:147,1
DA:148,1
DA:150,1
DA:152,1
DA:154,1
DA:156,1
DA:157,1
DA:158,1
DA:159,0
DA:161,1
DA:164,1
DA:169,1
DA:171,1
DA:172,1
DA:174,1
DA:175,1
DA:179,1
DA:181,1
DA:183,1
DA:184,1
DA:185,1
DA:186,0
DA:188,1
DA:191,1
DA:194,1
DA:195,1
DA:197,0
DA:198,0
DA:200,0
DA:202,0
DA:208,1
LF:105
LH:91
BRDA:50,0,0,0
BRDA:50,0,1,1
BRDA:62,1,0,0
BRDA:62,1,1,0
BRDA:88,2,0,0
BRDA:88,2,1,1
BRDA:110,3,0,0
BRDA:110,3,1,1
BRDA:134,4,0,0
BRDA:134,4,1,1
BRDA:158,5,0,0
BRDA:158,5,1,1
BRDA:185,6,0,0
BRDA:185,6,1,1
BRDA:197,7,0,0
BRDA:197,7,1,0
BRF:16
BRH:6
end_of_record
